<?xml version="1.0" encoding="UTF-8" ?>
<testsuite name="cxxtest"  tests="17" errors="0" failures="0" time="0" >
    <testcase classname="GamePlayersTestSuite" name="testGamePlayer" line="19" />
    <testcase classname="LiarsDiceEngineTestSuite" name="testLiarsDiceEngine" line="34" />
    <testcase classname="LiarsDiceEngineTestSuite" name="testDestructor" line="48" />
    <testcase classname="LiarsDiceRESTTestSuite" name="testUserNameUpdate" line="26" />
    <testcase classname="PlayerTestSuite" name="testPlayerEmpty" line="32" />
    <testcase classname="PlayerTestSuite" name="testRollTotal" line="57" />
    <testcase classname="PlayerTestSuite" name="testPlayerNoQualities" line="75" />
    <testcase classname="PlayersInLobbyTestSuite" name="testEmptyLobby" line="20" />
    <testcase classname="PlayersInLobbyTestSuite" name="testStartup" line="41" />
    <testcase classname="PseudoRandomTestSuite" name="testDestructor" line="19" />
    <testcase classname="MyTestSuite2" name="testBinoCDF_1" line="54" />
    <testcase classname="GameStartupTestSuite" name="testAddPlayers" line="21" />
    <testcase classname="GameStartupTestSuite" name="testDeviceDetails" line="184" />
    <testcase classname="GameStartupTestSuite" name="testAddition" line="202" />
    <testcase classname="MyTestSuite1" name="testAddition" line="17" />
    <testcase classname="UtilitiesTestSuite" name="testStringContains" line="29" />
    <testcase classname="UtilitiesTestSuite" name="testApplyFriction" line="48" />
</testsuite>
